_android/app/build/intermediates/manifest_merge_blame_file/release/manifest-merger-blame-release-report.txt
1<?xml version="1.0" encoding="utf-8"?>
2<manifest xmlns:android="http://schemas.android.com/apk/res/android"
3    package="com.worxstr.worxstr"
4    android:versionCode="3"
5    android:versionName="0.1.2" > <!-- Audio -->
6    <!--
7 <uses-permission android:name="android.permission.RECORD_AUDIO" />
8    <uses-permission android:name="android.permission.MODIFY_AUDIO_SETTINGS"/>
9    -->
10    <uses-sdk
11        android:minSdkVersion="21"
11-->src\main\AndroidManifest.xml
12        android:targetSdkVersion="30" />
12-->src\main\AndroidManifest.xml
13
14    <!-- Permissions -->
15
16    <uses-permission android:name="android.permission.INTERNET" />
16-->src\main\AndroidManifest.xml:47:5-67
16-->src\main\AndroidManifest.xml:47:22-64
17    <!-- Camera, Photos, input file -->
18    <uses-permission android:name="android.permission.READ_EXTERNAL_STORAGE" />
18-->src\main\AndroidManifest.xml:49:5-79
18-->src\main\AndroidManifest.xml:49:22-77
19    <uses-permission android:name="android.permission.WRITE_EXTERNAL_STORAGE" />
19-->src\main\AndroidManifest.xml:50:5-81
19-->src\main\AndroidManifest.xml:50:22-78
20    <!-- Geolocation API -->
21    <uses-permission android:name="android.permission.ACCESS_COARSE_LOCATION" />
21-->src\main\AndroidManifest.xml:52:5-81
21-->src\main\AndroidManifest.xml:52:22-78
22    <uses-permission android:name="android.permission.ACCESS_FINE_LOCATION" />
22-->src\main\AndroidManifest.xml:53:5-79
22-->src\main\AndroidManifest.xml:53:22-76
23
24    <uses-feature android:name="android.hardware.location.gps" />
24-->src\main\AndroidManifest.xml:54:5-66
24-->src\main\AndroidManifest.xml:54:19-63
25    <!-- Navigator.getUserMedia -->
26    <!-- Video -->
27    <uses-permission android:name="android.permission.CAMERA" />
27-->src\main\AndroidManifest.xml:57:5-65
27-->src\main\AndroidManifest.xml:57:22-62
28
29    <application
29-->src\main\AndroidManifest.xml:5:5-43:19
30        android:allowBackup="true"
30-->src\main\AndroidManifest.xml:6:9-35
31        android:appComponentFactory="androidx.core.app.CoreComponentFactory"
31-->[androidx.core:core:1.5.0] AndroidManifest.xml:24:18-86
32        android:icon="@mipmap/ic_launcher"
32-->src\main\AndroidManifest.xml:7:9-43
33        android:label="@string/app_name"
33-->src\main\AndroidManifest.xml:8:9-41
34        android:roundIcon="@mipmap/ic_launcher_round"
34-->src\main\AndroidManifest.xml:9:9-54
35        android:supportsRtl="true"
35-->src\main\AndroidManifest.xml:10:9-35
36        android:theme="@style/AppTheme" >
36-->src\main\AndroidManifest.xml:11:9-40
37        <activity
37-->src\main\AndroidManifest.xml:13:9-32:20
38            android:name="com.worxstr.worxstr.MainActivity"
38-->src\main\AndroidManifest.xml:15:13-60
39            android:configChanges="orientation|keyboardHidden|keyboard|screenSize|locale|smallestScreenSize|screenLayout|uiMode"
39-->src\main\AndroidManifest.xml:14:13-129
40            android:label="@string/title_activity_main"
40-->src\main\AndroidManifest.xml:16:13-56
41            android:launchMode="singleTask"
41-->src\main\AndroidManifest.xml:18:13-44
42            android:theme="@style/AppTheme.NoActionBarLaunch" >
42-->src\main\AndroidManifest.xml:17:13-62
43            <intent-filter>
43-->src\main\AndroidManifest.xml:20:13-23:29
44                <action android:name="android.intent.action.MAIN" />
44-->src\main\AndroidManifest.xml:21:17-69
44-->src\main\AndroidManifest.xml:21:25-66
45
46                <category android:name="android.intent.category.LAUNCHER" />
46-->src\main\AndroidManifest.xml:22:17-77
46-->src\main\AndroidManifest.xml:22:27-74
47            </intent-filter>
48            <intent-filter>
48-->src\main\AndroidManifest.xml:25:13-30:29
49                <action android:name="android.intent.action.VIEW" />
49-->src\main\AndroidManifest.xml:26:17-69
49-->src\main\AndroidManifest.xml:26:25-66
50
51                <category android:name="android.intent.category.DEFAULT" />
51-->src\main\AndroidManifest.xml:27:17-76
51-->src\main\AndroidManifest.xml:27:27-73
52                <category android:name="android.intent.category.BROWSABLE" />
52-->src\main\AndroidManifest.xml:28:17-78
52-->src\main\AndroidManifest.xml:28:27-75
53
54                <data android:scheme="@string/custom_url_scheme" />
54-->src\main\AndroidManifest.xml:29:17-68
54-->src\main\AndroidManifest.xml:29:23-65
55            </intent-filter>
56        </activity>
57
58        <provider
59            android:name="androidx.core.content.FileProvider"
59-->src\main\AndroidManifest.xml:35:13-62
60            android:authorities="com.worxstr.worxstr.fileprovider"
60-->src\main\AndroidManifest.xml:36:13-64
61            android:exported="false"
61-->src\main\AndroidManifest.xml:37:13-37
62            android:grantUriPermissions="true" >
62-->src\main\AndroidManifest.xml:38:13-47
63            <meta-data
63-->src\main\AndroidManifest.xml:39:13-41:64
64                android:name="android.support.FILE_PROVIDER_PATHS"
64-->src\main\AndroidManifest.xml:40:17-67
65                android:resource="@xml/file_paths" />
65-->src\main\AndroidManifest.xml:41:17-51
66        </provider>
67
68        <activity
68-->[com.google.android.gms:play-services-base:17.3.0] AndroidManifest.xml:23:9-26:75
69            android:name="com.google.android.gms.common.api.GoogleApiActivity"
69-->[com.google.android.gms:play-services-base:17.3.0] AndroidManifest.xml:24:13-79
70            android:exported="false"
70-->[com.google.android.gms:play-services-base:17.3.0] AndroidManifest.xml:25:13-37
71            android:theme="@android:style/Theme.Translucent.NoTitleBar" />
71-->[com.google.android.gms:play-services-base:17.3.0] AndroidManifest.xml:26:13-72
72
73        <meta-data
73-->[com.google.android.gms:play-services-basement:17.3.0] AndroidManifest.xml:23:9-25:69
74            android:name="com.google.android.gms.version"
74-->[com.google.android.gms:play-services-basement:17.3.0] AndroidManifest.xml:24:13-58
75            android:value="@integer/google_play_services_version" />
75-->[com.google.android.gms:play-services-basement:17.3.0] AndroidManifest.xml:25:13-66
76    </application>
77
78</manifest>